<?xml version="1.0" encoding="UTF-8" ?>
<testsuite tests="1" failures="0" name="test.AppTest" time="0.004" errors="0" skipped="0">
  <properties>
    <property name="java.vendor" value="Oracle Corporation"/>
    <property name="JOB_NAME" value="SIR1"/>
    <property name="ANDROID_SDK_HOME" value="w:\windows"/>
    <property name="sun.java.launcher" value="SUN_STANDARD"/>
    <property name="windows_tracing_logfile" value="C:\BVTBin\Tests\installpackage\csilogfile.log"/>
    <property name="NUMBER_OF_PROCESSORS" value="4"/>
    <property name="sun.management.compiler" value="HotSpot Client Compiler"/>
    <property name="Bregina" value="Ok"/>
    <property name="JENKINS_HOME" value="C:\Users\14011128\.jenkins"/>
    <property name="HUDSON_SERVER_COOKIE" value="7521e8db95beceae"/>
    <property name="os.name" value="Windows 7"/>
    <property name="sun.boot.class.path" value="C:\Program Files (x86)\Java\jdk1.8.0_45\jre\lib\resources.jar;C:\Program Files (x86)\Java\jdk1.8.0_45\jre\lib\rt.jar;C:\Program Files (x86)\Java\jdk1.8.0_45\jre\lib\sunrsasign.jar;C:\Program Files (x86)\Java\jdk1.8.0_45\jre\lib\jsse.jar;C:\Program Files (x86)\Java\jdk1.8.0_45\jre\lib\jce.jar;C:\Program Files (x86)\Java\jdk1.8.0_45\jre\lib\charsets.jar;C:\Program Files (x86)\Java\jdk1.8.0_45\jre\lib\jfr.jar;C:\Program Files (x86)\Java\jdk1.8.0_45\jre\classes"/>
    <property name="EXECUTOR_NUMBER" value="1"/>
    <property name="MLAB_COMPILER_VERSION" value="VC8"/>
    <property name="sun.desktop" value="windows"/>
    <property name="PATHEXT" value=".COM;.EXE;.BAT;.CMD;.VBS;.VBE;.JS;.JSE;.WSF;.WSH;.MSC"/>
    <property name="java.vm.specification.vendor" value="Oracle Corporation"/>
    <property name="CAMLLIB" value="C:\CamlLight\lib"/>
    <property name="NODE_LABELS" value="master"/>
    <property name="TEMP" value="C:\Users\14011128\AppData\Local\Temp"/>
    <property name="java.runtime.version" value="1.8.0_45-b14"/>
    <property name="user.name" value="14011128"/>
    <property name="guice.disable.misplaced.annotation.check" value="true"/>
    <property name="CommonProgramW6432" value="C:\Program Files\Common Files"/>
    <property name="ProgramFiles" value="C:\Program Files (x86)"/>
    <property name="PROMPT" value="$P$G"/>
    <property name="user.language" value="fr"/>
    <property name="BUILD_DISPLAY_NAME" value="#6"/>
    <property name="sun.boot.library.path" value="C:\Program Files (x86)\Java\jdk1.8.0_45\jre\bin"/>
    <property name="LOCALAPPDATA" value="C:\Users\14011128\AppData\Local"/>
    <property name="java.version" value="1.8.0_45"/>
    <property name="PROCESSOR_LEVEL" value="6"/>
    <property name="user.timezone" value="Europe/Paris"/>
    <property name="USERNAME" value="14011128"/>
    <property name="sun.arch.data.model" value="32"/>
    <property name="NODE_NAME" value="master"/>
    <property name="PROCESSOR_ARCHITEW6432" value="AMD64"/>
    <property name="java.endorsed.dirs" value="C:\Program Files (x86)\Java\jdk1.8.0_45\jre\lib\endorsed"/>
    <property name="BUILD_ID" value="6"/>
    <property name="sun.cpu.isalist" value="pentium_pro+mmx pentium_pro pentium+mmx pentium i486 i386 i86"/>
    <property name="sun.jnu.encoding" value="Cp1252"/>
    <property name="file.encoding.pkg" value="sun.io"/>
    <property name="file.separator" value="\"/>
    <property name="java.specification.name" value="Java Platform API Specification"/>
    <property name="HOMEDRIVE" value="C:"/>
    <property name="java.class.version" value="52.0"/>
    <property name="=::" value="::\"/>
    <property name="org.slf4j.simpleLogger.defaultLogLevel" value="info"/>
    <property name="user.country" value="FR"/>
    <property name="ALLUSERSPROFILE" value="C:\ProgramData"/>
    <property name="java.home" value="C:\Program Files (x86)\Java\jdk1.8.0_45\jre"/>
    <property name="java.vm.info" value="mixed mode"/>
    <property name="os.version" value="6.1"/>
    <property name="VTK_DATA_ROOT" value="C:\Python27\VTKData"/>
    <property name="TMP" value="C:\Users\14011128\AppData\Local\Temp"/>
    <property name="path.separator" value=";"/>
    <property name="java.vm.version" value="25.45-b02"/>
    <property name="user.variant" value=""/>
    <property name="GIT_PREVIOUS_COMMIT" value="dd388e15a9b07642bd3921a948bd6778cee93688"/>
    <property name="CommonProgramFiles(x86)" value="C:\Program Files (x86)\Common Files"/>
    <property name="java.awt.printerjob" value="sun.awt.windows.WPrinterJob"/>
    <property name="FP_NO_HOST_CHECK" value="NO"/>
    <property name="LM_LICENSE_FILE" value="1717@sybille.istic.univ-rennes1.fr"/>
    <property name="JAVA_HOME" value="C:\Program Files (x86)\Java\jdk1.8.0_45"/>
    <property name="sun.io.unicode.encoding" value="UnicodeLittle"/>
    <property name="CommonProgramFiles" value="C:\Program Files (x86)\Common Files"/>
    <property name="ComSpec" value="C:\Windows\system32\cmd.exe"/>
    <property name="HOMEPATH" value="\Users\14011128"/>
    <property name="awt.toolkit" value="sun.awt.windows.WToolkit"/>
    <property name="user.script" value=""/>
    <property name="HOME" value="H:\windows"/>
    <property name="COMPUTERNAME" value="e010m06"/>
    <property name="user.home" value="C:\Users\14011128"/>
    <property name="PUBLIC" value="C:\Users\Public"/>
    <property name="BUILD_TAG" value="jenkins-SIR1-6"/>
    <property name="JENKINS_SERVER_COOKIE" value="7521e8db95beceae"/>
    <property name="HUDSON_URL" value="http://localhost:9900/"/>
    <property name="ProgramData" value="C:\ProgramData"/>
    <property name="java.specification.vendor" value="Oracle Corporation"/>
    <property name="USERPROFILE" value="C:\Users\14011128"/>
    <property name="CLASSPATH" value=""/>
    <property name="java.vendor.url" value="http://java.oracle.com/"/>
    <property name="java.library.path" value="C:\Program Files (x86)\Java\jdk1.8.0_45\bin;C:\Windows\Sun\Java\bin;C:\Windows\system32;C:\Windows;C:\Users\14011128\.jenkins\tools\hudson.tasks.Maven_MavenInstallation\Maven_3/bin;C:\Program Files (x86)\Java\jdk1.8.0_45/bin;C:\Program Files (x86)\Java\jdk1.8.0_45/bin;C:\Python27\Lib\site-packages\PyQt4;C:\Perl\site\bin;C:\Perl\bin;C:\PVSW\Bin;C:\Program Files (x86)\Business Objects\common\3.5\bin\NOTES\;C:\Program Files (x86)\Business Objects\common\3.5\bin\NOTES\DATA\;C:\ProgramData\Oracle\Java\javapath;C:\Windows\system32;C:\Windows;C:\Windows\System32\Wbem;C:\Windows\System32\WindowsPowerShell\v1.0\;C:\Program Files (x86)\Miktex 2.9\miktex\bin;C:\Program Files (x86)\Microsoft SQL Server\90\Tools\binn\;C:\Program Files\TortoiseGit\bin;C:\Program Files\TortoiseSVN\bin;C:\C:\Program Files\OpenCV2.1\bin;C:\Program Files\CodeBlocks\MinGW\bin;C:\Program Files (x86)\Graphviz 2.28\bin;C:\CamlLight\bin;C:\Program Files (x86)\Microsoft SQL Server\100\Tools\Binn\;C:\Program Files\Microsoft SQL Server\100\Tools\Binn\;C:\Program Files\Microsoft SQL Server\100\DTS\Binn\;C:\Python27;C:\Python27\DLLs;C:\Python27\Scripts;C:\Python27\Lib\site-packages\vtk;C:\Python27\gnuplot\binary;C:\Program Files (x86)\pythonxy\SciTE-3.1.0;C:\Program Files (x86)\pythonxy\console;c:\apache-maven\bin;c:\Program Files\MATLAB\R2014a\bin;C:\altera\12.1sp1\quartus\bin;C:\Program Files (x86)\Git\bin;."/>
    <property name="java.vm.vendor" value="Oracle Corporation"/>
    <property name="APPDATA" value="C:\Users\14011128\AppData\Roaming"/>
    <property name="java.runtime.name" value="Java(TM) SE Runtime Environment"/>
    <property name="maven.home" value="C:\Users\14011128\.jenkins\tools\hudson.tasks.Maven_MavenInstallation\Maven_3"/>
    <property name="java.class.path" value="C:\Users\14011128\.jenkins\plugins\maven-plugin\WEB-INF\lib\maven31-agent-1.5.jar;C:\Users\14011128\.jenkins\tools\hudson.tasks.Maven_MavenInstallation\Maven_3\boot\plexus-classworlds-2.5.2.jar;C:\Users\14011128\.jenkins\tools\hudson.tasks.Maven_MavenInstallation\Maven_3/conf/logging"/>
    <property name="sun.java.command" value="jenkins.maven3.agent.Maven31Main C:\Users\14011128\.jenkins\tools\hudson.tasks.Maven_MavenInstallation\Maven_3 C:\Users\14011128\.jenkins\war\WEB-INF\lib\remoting-2.53.2.jar C:\Users\14011128\.jenkins\plugins\maven-plugin\WEB-INF\lib\maven31-interceptor-1.5.jar C:\Users\14011128\.jenkins\plugins\maven-plugin\WEB-INF\lib\maven3-interceptor-commons-1.5.jar 55163"/>
    <property name="Path" value="C:\Program Files (x86)\Java\jdk1.8.0_45/bin;C:\Python27\Lib\site-packages\PyQt4;C:\Perl\site\bin;C:\Perl\bin;C:\PVSW\Bin;C:\Program Files (x86)\Business Objects\common\3.5\bin\NOTES\;C:\Program Files (x86)\Business Objects\common\3.5\bin\NOTES\DATA\;C:\ProgramData\Oracle\Java\javapath;C:\Windows\system32;C:\Windows;C:\Windows\System32\Wbem;C:\Windows\System32\WindowsPowerShell\v1.0\;C:\Program Files (x86)\Miktex 2.9\miktex\bin;C:\Program Files (x86)\Microsoft SQL Server\90\Tools\binn\;C:\Program Files\TortoiseGit\bin;C:\Program Files\TortoiseSVN\bin;C:\C:\Program Files\OpenCV2.1\bin;C:\Program Files\CodeBlocks\MinGW\bin;C:\Program Files (x86)\Graphviz 2.28\bin;C:\CamlLight\bin;C:\Program Files (x86)\Microsoft SQL Server\100\Tools\Binn\;C:\Program Files\Microsoft SQL Server\100\Tools\Binn\;C:\Program Files\Microsoft SQL Server\100\DTS\Binn\;C:\Python27;C:\Python27\DLLs;C:\Python27\Scripts;C:\Python27\Lib\site-packages\vtk;C:\Python27\gnuplot\binary;C:\Program Files (x86)\pythonxy\SciTE-3.1.0;C:\Program Files (x86)\pythonxy\console;c:\apache-maven\bin;c:\Program Files\MATLAB\R2014a\bin;C:\altera\12.1sp1\quartus\bin;C:\Program Files (x86)\Git\bin"/>
    <property name="java.vm.specification.name" value="Java Virtual Machine Specification"/>
    <property name="PROCESSOR_ARCHITECTURE" value="x86"/>
    <property name="PATH+JDK" value="C:\Program Files (x86)\Java\jdk1.8.0_45/bin"/>
    <property name="PROCESSOR_IDENTIFIER" value="Intel64 Family 6 Model 60 Stepping 3, GenuineIntel"/>
    <property name="SESSIONNAME" value="Console"/>
    <property name="java.vm.specification.version" value="1.8"/>
    <property name="QUARTUS_ROOTDIR" value="C:\altera\12.1sp1\quartus"/>
    <property name="sun.os.patch.level" value="Service Pack 1"/>
    <property name="sun.cpu.endian" value="little"/>
    <property name="M2_HOME" value="C:\Users\14011128\.jenkins\tools\hudson.tasks.Maven_MavenInstallation\Maven_3"/>
    <property name="java.io.tmpdir" value="C:\Users\14011128\AppData\Local\Temp\"/>
    <property name="OS" value="Windows_NT"/>
    <property name="HUDSON_HOME" value="C:\Users\14011128\.jenkins"/>
    <property name="PATH+MAVEN" value="C:\Users\14011128\.jenkins\tools\hudson.tasks.Maven_MavenInstallation\Maven_3/bin"/>
    <property name="ProgramFiles(x86)" value="C:\Program Files (x86)"/>
    <property name="BUILD_URL" value="http://localhost:9900/job/SIR1/6/"/>
    <property name="java.vendor.url.bug" value="http://bugreport.sun.com/bugreport/"/>
    <property name="MLAB_ROOT" value="C:\Program Files (x86)\MeVisLab2.1VC8\Packages"/>
    <property name="java.awt.graphicsenv" value="sun.awt.Win32GraphicsEnvironment"/>
    <property name="os.arch" value="x86"/>
    <property name="SystemRoot" value="C:\Windows"/>
    <property name="windows_tracing_flags" value="3"/>
    <property name="java.ext.dirs" value="C:\Program Files (x86)\Java\jdk1.8.0_45\jre\lib\ext;C:\Windows\Sun\Java\lib\ext"/>
    <property name="user.dir" value="W:\git\1"/>
    <property name="JOB_URL" value="http://localhost:9900/job/SIR1/"/>
    <property name="LOGONSERVER" value="\\e010m06"/>
    <property name="USERDOMAIN" value="e010m06"/>
    <property name="line.separator" value="
"/>
    <property name="MAVEN_HOME" value="C:\Users\14011128\.jenkins\tools\hudson.tasks.Maven_MavenInstallation\Maven_3"/>
    <property name="VS100COMNTOOLS" value="C:\Program Files (x86)\Microsoft Visual Studio 10.0\Common7\Tools\"/>
    <property name="java.vm.name" value="Java HotSpot(TM) Client VM"/>
    <property name="BUILD_NUMBER" value="6"/>
    <property name="JENKINS_URL" value="http://localhost:9900/"/>
    <property name="PROCESSOR_REVISION" value="3c03"/>
    <property name="GIT_BRANCH" value="origin/master"/>
    <property name="ProgramW6432" value="C:\Program Files"/>
    <property name="windir" value="C:\Windows"/>
    <property name="GIT_COMMIT" value="dd388e15a9b07642bd3921a948bd6778cee93688"/>
    <property name="SOPC_KIT_NIOS2" value="C:\altera\12.1sp1\nios2eds"/>
    <property name="=C:" value="C:\Users\14011128\Downloads"/>
    <property name="file.encoding" value="Cp1252"/>
    <property name="SystemDrive" value="C:"/>
    <property name="maven3.interceptor" value="C:\Users\14011128\.jenkins\plugins\maven-plugin\WEB-INF\lib\maven31-interceptor-1.5.jar"/>
    <property name="WORKSPACE" value="C:\Users\14011128\.jenkins\workspace\SIR1"/>
    <property name="maven3.interceptor.common" value="C:\Users\14011128\.jenkins\plugins\maven-plugin\WEB-INF\lib\maven3-interceptor-commons-1.5.jar"/>
    <property name="java.specification.version" value="1.8"/>
    <property name="PSModulePath" value="C:\Windows\system32\WindowsPowerShell\v1.0\Modules\"/>
    <property name="GIT_URL" value="https://github.com/BoukadidaAyoub/SIR1.git"/>
  </properties>
  <testcase classname="test.AppTest" name="testApp" time="0.004"/>
</testsuite>